  Tutorial 2.cpp
c:\users\computing\documents\github\physics-simulation\physx tutorial 2\tutorial 2\basicactors.h(271): warning C4305: 'argument': truncation from 'double' to 'physx::PxReal'
c:\users\computing\documents\github\physics-simulation\physx tutorial 2\tutorial 2\myphysicsengine.h(20): warning C4305: 'argument': truncation from 'double' to 'physx::PxReal'
c:\users\computing\documents\github\physics-simulation\physx tutorial 2\tutorial 2\myphysicsengine.h(20): warning C4244: 'argument': conversion from 'const int' to 'physx::PxReal', possible loss of data
c:\users\computing\documents\github\physics-simulation\physx tutorial 2\tutorial 2\myphysicsengine.h(21): warning C4305: 'argument': truncation from 'double' to 'physx::PxReal'
c:\users\computing\documents\github\physics-simulation\physx tutorial 2\tutorial 2\myphysicsengine.h(22): warning C4305: 'argument': truncation from 'double' to 'physx::PxReal'
c:\users\computing\documents\github\physics-simulation\physx tutorial 2\tutorial 2\myphysicsengine.h(23): warning C4244: 'argument': conversion from 'double' to 'physx::PxReal', possible loss of data
c:\users\computing\documents\github\physics-simulation\physx tutorial 2\tutorial 2\myphysicsengine.h(24): warning C4244: 'argument': conversion from 'double' to 'physx::PxReal', possible loss of data
c:\users\computing\documents\github\physics-simulation\physx tutorial 2\tutorial 2\myphysicsengine.h(233): warning C4305: 'argument': truncation from 'double' to 'physx::PxReal'
c:\users\computing\documents\github\physics-simulation\physx tutorial 2\tutorial 2\myphysicsengine.h(238): warning C4305: 'argument': truncation from 'double' to 'physx::PxReal'
c:\users\computing\documents\github\physics-simulation\physx tutorial 2\tutorial 2\myphysicsengine.h(243): warning C4305: 'argument': truncation from 'double' to 'physx::PxReal'
c:\users\computing\documents\github\physics-simulation\physx tutorial 2\tutorial 2\myphysicsengine.h(248): warning C4305: 'argument': truncation from 'double' to 'physx::PxReal'
c:\users\computing\documents\github\physics-simulation\physx tutorial 2\tutorial 2\myphysicsengine.h(253): warning C4305: 'argument': truncation from 'double' to 'physx::PxReal'
c:\users\computing\documents\github\physics-simulation\physx tutorial 2\tutorial 2\myphysicsengine.h(258): warning C4305: 'argument': truncation from 'double' to 'physx::PxReal'
  Generating Code...
  Compiling...
  VisualDebugger.cpp
c:\users\computing\documents\github\physics-simulation\physx tutorial 2\tutorial 2\basicactors.h(271): warning C4305: 'argument': truncation from 'double' to 'physx::PxReal'
c:\users\computing\documents\github\physics-simulation\physx tutorial 2\tutorial 2\myphysicsengine.h(20): warning C4305: 'argument': truncation from 'double' to 'physx::PxReal'
c:\users\computing\documents\github\physics-simulation\physx tutorial 2\tutorial 2\myphysicsengine.h(20): warning C4244: 'argument': conversion from 'const int' to 'physx::PxReal', possible loss of data
c:\users\computing\documents\github\physics-simulation\physx tutorial 2\tutorial 2\myphysicsengine.h(21): warning C4305: 'argument': truncation from 'double' to 'physx::PxReal'
c:\users\computing\documents\github\physics-simulation\physx tutorial 2\tutorial 2\myphysicsengine.h(22): warning C4305: 'argument': truncation from 'double' to 'physx::PxReal'
c:\users\computing\documents\github\physics-simulation\physx tutorial 2\tutorial 2\myphysicsengine.h(23): warning C4244: 'argument': conversion from 'double' to 'physx::PxReal', possible loss of data
c:\users\computing\documents\github\physics-simulation\physx tutorial 2\tutorial 2\myphysicsengine.h(24): warning C4244: 'argument': conversion from 'double' to 'physx::PxReal', possible loss of data
c:\users\computing\documents\github\physics-simulation\physx tutorial 2\tutorial 2\myphysicsengine.h(233): warning C4305: 'argument': truncation from 'double' to 'physx::PxReal'
c:\users\computing\documents\github\physics-simulation\physx tutorial 2\tutorial 2\myphysicsengine.h(238): warning C4305: 'argument': truncation from 'double' to 'physx::PxReal'
c:\users\computing\documents\github\physics-simulation\physx tutorial 2\tutorial 2\myphysicsengine.h(243): warning C4305: 'argument': truncation from 'double' to 'physx::PxReal'
c:\users\computing\documents\github\physics-simulation\physx tutorial 2\tutorial 2\myphysicsengine.h(248): warning C4305: 'argument': truncation from 'double' to 'physx::PxReal'
c:\users\computing\documents\github\physics-simulation\physx tutorial 2\tutorial 2\myphysicsengine.h(253): warning C4305: 'argument': truncation from 'double' to 'physx::PxReal'
c:\users\computing\documents\github\physics-simulation\physx tutorial 2\tutorial 2\myphysicsengine.h(258): warning C4305: 'argument': truncation from 'double' to 'physx::PxReal'
  Generating Code...
  Tutorial 2.vcxproj -> C:\Users\Computing\Documents\GitHub\Physics-Simulation\PhysX Tutorial 2\x64\Debug\Tutorial 2.exe
  Tutorial 2.vcxproj -> C:\Users\Computing\Documents\GitHub\Physics-Simulation\PhysX Tutorial 2\x64\Debug\Tutorial 2.pdb (Partial PDB)
